Determining if the pthread_create exist failed with the following output:
Change Dir: /home/mazen/catkin_ws_covid19_robot/build/CMakeFiles/CMakeTmp

Run Build Command:"/usr/bin/make" "cmTC_50273/fast"
/usr/bin/make -f CMakeFiles/cmTC_50273.dir/build.make CMakeFiles/cmTC_50273.dir/build
make[1]: Entering directory '/home/mazen/catkin_ws_covid19_robot/build/CMakeFiles/CMakeTmp'
Building C object CMakeFiles/cmTC_50273.dir/CheckSymbolExists.c.o
/usr/bin/cc    -o CMakeFiles/cmTC_50273.dir/CheckSymbolExists.c.o   -c /home/mazen/catkin_ws_covid19_robot/build/CMakeFiles/CMakeTmp/CheckSymbolExists.c
Linking C executable cmTC_50273
/usr/bin/cmake -E cmake_link_script CMakeFiles/cmTC_50273.dir/link.txt --verbose=1
/usr/bin/cc      -rdynamic CMakeFiles/cmTC_50273.dir/CheckSymbolExists.c.o  -o cmTC_50273 
CMakeFiles/cmTC_50273.dir/CheckSymbolExists.c.o: In function `main':
CheckSymbolExists.c:(.text+0x1b): undefined reference to `pthread_create'
collect2: error: ld returned 1 exit status
CMakeFiles/cmTC_50273.dir/build.make:97: recipe for target 'cmTC_50273' failed
make[1]: *** [cmTC_50273] Error 1
make[1]: Leaving directory '/home/mazen/catkin_ws_covid19_robot/build/CMakeFiles/CMakeTmp'
Makefile:126: recipe for target 'cmTC_50273/fast' failed
make: *** [cmTC_50273/fast] Error 2

File /home/mazen/catkin_ws_covid19_robot/build/CMakeFiles/CMakeTmp/CheckSymbolExists.c:
/* */
#include <pthread.h>

int main(int argc, char** argv)
{
  (void)argv;
#ifndef pthread_create
  return ((int*)(&pthread_create))[argc];
#else
  (void)argc;
  return 0;
#endif
}

Determining if the function pthread_create exists in the pthreads failed with the following output:
Change Dir: /home/mazen/catkin_ws_covid19_robot/build/CMakeFiles/CMakeTmp

Run Build Command:"/usr/bin/make" "cmTC_be13b/fast"
/usr/bin/make -f CMakeFiles/cmTC_be13b.dir/build.make CMakeFiles/cmTC_be13b.dir/build
make[1]: Entering directory '/home/mazen/catkin_ws_covid19_robot/build/CMakeFiles/CMakeTmp'
Building C object CMakeFiles/cmTC_be13b.dir/CheckFunctionExists.c.o
/usr/bin/cc   -DCHECK_FUNCTION_EXISTS=pthread_create   -o CMakeFiles/cmTC_be13b.dir/CheckFunctionExists.c.o   -c /usr/share/cmake-3.10/Modules/CheckFunctionExists.c
Linking C executable cmTC_be13b
/usr/bin/cmake -E cmake_link_script CMakeFiles/cmTC_be13b.dir/link.txt --verbose=1
/usr/bin/cc  -DCHECK_FUNCTION_EXISTS=pthread_create    -rdynamic CMakeFiles/cmTC_be13b.dir/CheckFunctionExists.c.o  -o cmTC_be13b -lpthreads 
/usr/bin/ld: cannot find -lpthreads
collect2: error: ld returned 1 exit status
CMakeFiles/cmTC_be13b.dir/build.make:97: recipe for target 'cmTC_be13b' failed
make[1]: *** [cmTC_be13b] Error 1
make[1]: Leaving directory '/home/mazen/catkin_ws_covid19_robot/build/CMakeFiles/CMakeTmp'
Makefile:126: recipe for target 'cmTC_be13b/fast' failed
make: *** [cmTC_be13b/fast] Error 2


